[    0.000000] Initializing cgroup subsys cpuset
[    0.000000] Initializing cgroup subsys cpu
[    0.000000] Initializing cgroup subsys cpuacct
[    0.000000] Linux version 4.4.0-165-generic (buildd@lgw01-amd64-027) (gcc version 5.4.0 20160609 (Ubuntu 5.4.0-6ubuntu1~16.04.10) ) #193-Ubuntu SMP Tue Sep 17 17:42:52 UTC 2019 (Ubuntu 4.4.0-165.193-generic 4.4.189)
[    0.000000] Command line: BOOT_IMAGE=/boot/vmlinuz-4.4.0-165-generic root=LABEL=cloudimg-rootfs ro console=tty1 console=ttyS0
[    0.000000] KERNEL supported cpus:
[    0.000000]   Intel GenuineIntel
[    0.000000]   AMD AuthenticAMD
[    0.000000]   Centaur CentaurHauls
[    0.000000] x86/fpu: xstate_offset[2]:  576, xstate_sizes[2]:  256
[    0.000000] x86/fpu: Supporting XSAVE feature 0x01: 'x87 floating point registers'
[    0.000000] x86/fpu: Supporting XSAVE feature 0x02: 'SSE registers'
[    0.000000] x86/fpu: Supporting XSAVE feature 0x04: 'AVX registers'
[    0.000000] x86/fpu: Enabled xstate features 0x7, context size is 832 bytes, using 'standard' format.
[    0.000000] e820: BIOS-provided physical RAM map:
[    0.000000] BIOS-e820: [mem 0x0000000000000000-0x000000000009fbff] usable
[    0.000000] BIOS-e820: [mem 0x000000000009fc00-0x000000000009ffff] reserved
[    0.000000] BIOS-e820: [mem 0x00000000000f0000-0x00000000000fffff] reserved
[    0.000000] BIOS-e820: [mem 0x0000000000100000-0x000000003ffeffff] usable
[    0.000000] BIOS-e820: [mem 0x000000003fff0000-0x000000003fffffff] ACPI data
[    0.000000] BIOS-e820: [mem 0x00000000fec00000-0x00000000fec00fff] reserved
[    0.000000] BIOS-e820: [mem 0x00000000fee00000-0x00000000fee00fff] reserved
[    0.000000] BIOS-e820: [mem 0x00000000fffc0000-0x00000000ffffffff] reserved
[    0.000000] NX (Execute Disable) protection: active
[    0.000000] SMBIOS 2.5 present.
[    0.000000] Hypervisor detected: KVM
[    0.000000] e820: last_pfn = 0x3fff0 max_arch_pfn = 0x400000000
[    0.000000] MTRR: Disabled
[    0.000000] x86/PAT: MTRRs disabled, skipping PAT initialization too.
[    0.000000] CPU MTRRs all blank - virtualized system.
[    0.000000] x86/PAT: Configuration [0-7]: WB  WT  UC- UC  WB  WT  UC- UC  
[    0.000000] found SMP MP-table at [mem 0x0009fff0-0x0009ffff] mapped at [ffff88000009fff0]
[    0.000000] Scanning 1 areas for low memory corruption
[    0.000000] RAMDISK: [mem 0x361e2000-0x370e8fff]
[    0.000000] ACPI: Early table checksum verification disabled
[    0.000000] ACPI: RSDP 0x00000000000E0000 000024 (v02 VBOX  )
[    0.000000] ACPI: XSDT 0x000000003FFF0030 00003C (v01 VBOX   VBOXXSDT 00000001 ASL  00000061)
[    0.000000] ACPI: FACP 0x000000003FFF00F0 0000F4 (v04 VBOX   VBOXFACP 00000001 ASL  00000061)
[    0.000000] ACPI: DSDT 0x000000003FFF0470 0022EA (v02 VBOX   VBOXBIOS 00000002 INTL 20100528)
[    0.000000] ACPI: FACS 0x000000003FFF0200 000040
[    0.000000] ACPI: FACS 0x000000003FFF0200 000040
[    0.000000] ACPI: APIC 0x000000003FFF0240 00005C (v02 VBOX   VBOXAPIC 00000001 ASL  00000061)
[    0.000000] ACPI: SSDT 0x000000003FFF02A0 0001CC (v01 VBOX   VBOXCPUT 00000002 INTL 20100528)
[    0.000000] No NUMA configuration found
[    0.000000] Faking a node at [mem 0x0000000000000000-0x000000003ffeffff]
[    0.000000] NODE_DATA(0) allocated [mem 0x3ffeb000-0x3ffeffff]
[    0.000000] kvm-clock: Using msrs 4b564d01 and 4b564d00
[    0.000000] kvm-clock: cpu 0, msr 0:3ffe3001, primary cpu clock
[    0.000000] kvm-clock: using sched offset of 3656938427 cycles
[    0.000000] clocksource: kvm-clock: mask: 0xffffffffffffffff max_cycles: 0x1cd42e4dffb, max_idle_ns: 881590591483 ns
[    0.000000] Zone ranges:
[    0.000000]   DMA      [mem 0x0000000000001000-0x0000000000ffffff]
[    0.000000]   DMA32    [mem 0x0000000001000000-0x000000003ffeffff]
[    0.000000]   Normal   empty
[    0.000000]   Device   empty
[    0.000000] Movable zone start for each node
[    0.000000] Early memory node ranges
[    0.000000]   node   0: [mem 0x0000000000001000-0x000000000009efff]
[    0.000000]   node   0: [mem 0x0000000000100000-0x000000003ffeffff]
[    0.000000] Initmem setup node 0 [mem 0x0000000000001000-0x000000003ffeffff]
[    0.000000] ACPI: PM-Timer IO Port: 0x4008
[    0.000000] IOAPIC[0]: apic_id 2, version 32, address 0xfec00000, GSI 0-23
[    0.000000] ACPI: INT_SRC_OVR (bus 0 bus_irq 0 global_irq 2 dfl dfl)
[    0.000000] ACPI: INT_SRC_OVR (bus 0 bus_irq 9 global_irq 9 low level)
[    0.000000] Using ACPI (MADT) for SMP configuration information
[    0.000000] smpboot: Allowing 2 CPUs, 0 hotplug CPUs
[    0.000000] PM: Registered nosave memory: [mem 0x00000000-0x00000fff]
[    0.000000] PM: Registered nosave memory: [mem 0x0009f000-0x0009ffff]
[    0.000000] PM: Registered nosave memory: [mem 0x000a0000-0x000effff]
[    0.000000] PM: Registered nosave memory: [mem 0x000f0000-0x000fffff]
[    0.000000] e820: [mem 0x40000000-0xfebfffff] available for PCI devices
[    0.000000] Booting paravirtualized kernel on KVM
[    0.000000] clocksource: refined-jiffies: mask: 0xffffffff max_cycles: 0xffffffff, max_idle_ns: 7645519600211568 ns
[    0.000000] setup_percpu: NR_CPUS:512 nr_cpumask_bits:512 nr_cpu_ids:2 nr_node_ids:1
[    0.000000] PERCPU: Embedded 34 pages/cpu @ffff88003fc00000 s99544 r8192 d31528 u1048576
[    0.000000] Built 1 zonelists in Node order, mobility grouping on.  Total pages: 257912
[    0.000000] Policy zone: DMA32
[    0.000000] Kernel command line: BOOT_IMAGE=/boot/vmlinuz-4.4.0-165-generic root=LABEL=cloudimg-rootfs ro console=tty1 console=ttyS0
[    0.000000] PID hash table entries: 4096 (order: 3, 32768 bytes)
[    0.000000] Memory: 997172K/1048120K available (8621K kernel code, 1335K rwdata, 4032K rodata, 1484K init, 1284K bss, 50948K reserved, 0K cma-reserved)
[    0.000000] SLUB: HWalign=64, Order=0-3, MinObjects=0, CPUs=2, Nodes=1
[    0.000000] Kernel/User page tables isolation: enabled
[    0.000000] Hierarchical RCU implementation.
[    0.000000] 	Build-time adjustment of leaf fanout to 64.
[    0.000000] 	RCU restricting CPUs from NR_CPUS=512 to nr_cpu_ids=2.
[    0.000000] RCU: Adjusting geometry for rcu_fanout_leaf=64, nr_cpu_ids=2
[    0.000000] NR_IRQS:33024 nr_irqs:440 16
[    0.000000] Console: colour VGA+ 80x25
[    0.000000] console [tty1] enabled
[    0.000000] console [ttyS0] enabled
[    0.000000] tsc: Detected 2711.998 MHz processor
[    0.228757] Calibrating delay loop (skipped) preset value.. 5423.99 BogoMIPS (lpj=10847992)
[    0.230972] pid_max: default: 32768 minimum: 301
[    0.232187] ACPI: Core revision 20150930
[    0.235683] ACPI: 2 ACPI AML tables successfully acquired and loaded
[    0.237389] Security Framework initialized
[    0.238522] Yama: becoming mindful.
[    0.239492] AppArmor: AppArmor initialized
[    0.240970] Dentry cache hash table entries: 131072 (order: 8, 1048576 bytes)
[    0.245912] Inode-cache hash table entries: 65536 (order: 7, 524288 bytes)
[    0.247736] Mount-cache hash table entries: 2048 (order: 2, 16384 bytes)
[    0.249376] Mountpoint-cache hash table entries: 2048 (order: 2, 16384 bytes)
[    0.251402] Initializing cgroup subsys io
[    0.252615] Initializing cgroup subsys memory
[    0.253798] Initializing cgroup subsys devices
[    0.255034] Initializing cgroup subsys freezer
[    0.256383] Initializing cgroup subsys net_cls
[    0.257649] Initializing cgroup subsys perf_event
[    0.259005] Initializing cgroup subsys net_prio
[    0.260642] Initializing cgroup subsys hugetlb
[    0.262029] Initializing cgroup subsys pids
[    0.264474] mce: CPU supports 0 MCE banks
[    0.265605] Last level iTLB entries: 4KB 64, 2MB 8, 4MB 8
[    0.266945] Last level dTLB entries: 4KB 64, 2MB 0, 4MB 0, 1GB 4
[    0.268545] Spectre V1 : Mitigation: usercopy/swapgs barriers and __user pointer sanitization
[    0.270934] Spectre V2 : Mitigation: Full generic retpoline
[    0.272323] Spectre V2 : Spectre v2 / SpectreRSB mitigation: Filling RSB on context switch
[    0.274933] Speculative Store Bypass: Vulnerable
[    0.276325] MDS: Vulnerable: Clear CPU buffers attempted, no microcode
[    0.281207] Freeing SMP alternatives memory: 36K
[    0.289375] ftrace: allocating 32318 entries in 127 pages
[    0.365827] smpboot: APIC(0) Converting physical 0 to logical package 0
[    0.367489] smpboot: Max logical packages: 1
[    0.369138] x2apic enabled
[    0.370380] Switched APIC routing to physical x2apic.
[    0.373427] ..TIMER: vector=0x30 apic1=0 pin1=2 apic2=-1 pin2=-1
[    0.479845] smpboot: CPU0: Intel(R) Core(TM) i5-7200U CPU @ 2.50GHz (family: 0x6, model: 0x8e, stepping: 0x9)
[    0.482752] Performance Events: unsupported p6 CPU model 142 no PMU driver, software events only.
[    0.498186] KVM setup paravirtual spinlock
[    0.500062] x86: Booting SMP configuration:
[    0.501349] .... node  #0, CPUs:      #1
[    0.502546] kvm-clock: cpu 1, msr 0:3ffe3041, secondary cpu clock
[    0.505154] mce: CPU supports 0 MCE banks
[    0.508054] x86: Booted up 1 node, 2 CPUs
[    0.509515] smpboot: Total of 2 processors activated (10847.99 BogoMIPS)
[    0.512042] devtmpfs: initialized
[    0.514650] evm: security.selinux
[    0.515702] evm: security.SMACK64
[    0.516788] evm: security.SMACK64EXEC
[    0.517906] evm: security.SMACK64TRANSMUTE
[    0.519174] evm: security.SMACK64MMAP
[    0.520283] evm: security.ima
[    0.521288] evm: security.capability
[    0.522706] clocksource: jiffies: mask: 0xffffffff max_cycles: 0xffffffff, max_idle_ns: 7645041785100000 ns
[    0.525540] futex hash table entries: 512 (order: 3, 32768 bytes)
[    0.527351] pinctrl core: initialized pinctrl subsystem
[    0.529043] RTC time: 15:07:44, date: 10/15/19
[    0.530503] NET: Registered protocol family 16
[    0.544615] cpuidle: using governor ladder
[    0.561347] cpuidle: using governor menu
[    0.562918] PCCT header not found.
[    0.564158] ACPI: bus type PCI registered
[    0.565318] acpiphp: ACPI Hot Plug PCI Controller Driver version: 0.5
[    0.567106] PCI: Using configuration type 1 for base access
[    0.581517] ACPI: Added _OSI(Module Device)
[    0.583175] ACPI: Added _OSI(Processor Device)
[    0.584520] ACPI: Added _OSI(3.0 _SCP Extensions)
[    0.585833] ACPI: Added _OSI(Processor Aggregator Device)
[    0.588052] ACPI: Executed 1 blocks of module-level executable AML code
[    0.592481] ACPI: Interpreter enabled
[    0.593585] ACPI: (supports S0 S5)
[    0.594770] ACPI: Using IOAPIC for interrupt routing
[    0.596447] PCI: Using host bridge windows from ACPI; if necessary, use "pci=nocrs" and report a bug
[    0.603499] ACPI: PCI Root Bridge [PCI0] (domain 0000 [bus 00-ff])
[    0.605231] acpi PNP0A03:00: _OSC: OS supports [ASPM ClockPM Segments MSI]
[    0.607427] acpi PNP0A03:00: _OSC: not requesting OS control; OS requires [ExtendedConfig ASPM ClockPM MSI]
[    0.611017] acpi PNP0A03:00: fail to add MMCONFIG information, can't access extended PCI configuration space under this bridge.
[    0.615099] PCI host bridge to bus 0000:00
[    0.616850] pci_bus 0000:00: root bus resource [io  0x0000-0x0cf7 window]
[    0.619644] pci_bus 0000:00: root bus resource [io  0x0d00-0xffff window]
[    0.621255] pci_bus 0000:00: root bus resource [mem 0x000a0000-0x000bffff window]
[    0.623237] pci_bus 0000:00: root bus resource [mem 0x40000000-0xfdffffff window]
[    0.626663] pci_bus 0000:00: root bus resource [bus 00-ff]
[    0.630282] pci 0000:00:01.1: legacy IDE quirk: reg 0x10: [io  0x01f0-0x01f7]
[    0.632093] pci 0000:00:01.1: legacy IDE quirk: reg 0x14: [io  0x03f6]
[    0.633746] pci 0000:00:01.1: legacy IDE quirk: reg 0x18: [io  0x0170-0x0177]
[    0.635625] pci 0000:00:01.1: legacy IDE quirk: reg 0x1c: [io  0x0376]
[    0.676430] pci 0000:00:07.0: quirk: [io  0x4000-0x403f] claimed by PIIX4 ACPI
[    0.678588] pci 0000:00:07.0: quirk: [io  0x4100-0x410f] claimed by PIIX4 SMB
[    0.696916] ACPI: PCI Interrupt Link [LNKA] (IRQs 5 9 10 *11)
[    0.699231] ACPI: PCI Interrupt Link [LNKB] (IRQs 5 9 *10 11)
[    0.701500] ACPI: PCI Interrupt Link [LNKC] (IRQs 5 *9 10 11)
[    0.703781] ACPI: PCI Interrupt Link [LNKD] (IRQs 5 9 10 *11)
[    0.705879] ACPI: Enabled 2 GPEs in block 00 to 07
[    0.707928] vgaarb: setting as boot device: PCI:0000:00:02.0
[    0.709362] vgaarb: device added: PCI:0000:00:02.0,decodes=io+mem,owns=io+mem,locks=none
[    0.711769] vgaarb: loaded
[    0.712693] vgaarb: bridge control possible 0000:00:02.0
[    0.714474] SCSI subsystem initialized
[    0.715763] ACPI: bus type USB registered
[    0.717010] usbcore: registered new interface driver usbfs
[    0.718763] usbcore: registered new interface driver hub
[    0.720181] usbcore: registered new device driver usb
[    0.721886] PCI: Using ACPI for IRQ routing
[    0.723450] NetLabel: Initializing
[    0.724667] NetLabel:  domain hash size = 128
[    0.725866] NetLabel:  protocols = UNLABELED CIPSOv4
[    0.730342] NetLabel:  unlabeled traffic allowed by default
[    0.732152] amd_nb: Cannot enumerate AMD northbridges
[    0.733666] clocksource: Switched to clocksource kvm-clock
[    0.747381] AppArmor: AppArmor Filesystem Enabled
[    0.748847] pnp: PnP ACPI init
[    0.750886] pnp: PnP ACPI: found 3 devices
[    0.764383] clocksource: acpi_pm: mask: 0xffffff max_cycles: 0xffffff, max_idle_ns: 2085701024 ns
[    0.766934] NET: Registered protocol family 2
[    0.768382] TCP established hash table entries: 8192 (order: 4, 65536 bytes)
[    0.770406] TCP bind hash table entries: 8192 (order: 5, 131072 bytes)
[    0.772109] TCP: Hash tables configured (established 8192 bind 8192)
[    0.773979] UDP hash table entries: 512 (order: 2, 16384 bytes)
[    0.775829] UDP-Lite hash table entries: 512 (order: 2, 16384 bytes)
[    0.777509] NET: Registered protocol family 1
[    0.779040] pci 0000:00:00.0: Limiting direct PCI/PCI transfers
[    0.780657] pci 0000:00:01.0: Activating ISA DMA hang workarounds
[    0.782519] Unpacking initramfs...
[    1.073193] Freeing initrd memory: 15388K
[    1.074723] clocksource: tsc: mask: 0xffffffffffffffff max_cycles: 0x27178451938, max_idle_ns: 440795251172 ns
[    1.077591] platform rtc_cmos: registered platform RTC device (no PNP device found)
[    1.079918] Scanning for low memory corruption every 60 seconds
[    1.081923] audit: initializing netlink subsys (disabled)
[    1.083593] audit: type=2000 audit(1571152069.382:1): initialized
[    1.085414] Initialise system trusted keyring
[    1.086976] HugeTLB registered 2 MB page size, pre-allocated 0 pages
[    1.090049] zbud: loaded
[    1.091601] VFS: Disk quotas dquot_6.6.0
[    1.092780] VFS: Dquot-cache hash table entries: 512 (order 0, 4096 bytes)
[    1.094996] squashfs: version 4.0 (2009/01/31) Phillip Lougher
[    1.097510] fuse init (API version 7.23)
[    1.099272] Key type big_key registered
[    1.100882] Allocating IMA MOK and blacklist keyrings.
[    1.104708] Key type asymmetric registered
[    1.105829] Asymmetric key parser 'x509' registered
[    1.107230] Block layer SCSI generic (bsg) driver version 0.4 loaded (major 249)
[    1.109837] io scheduler noop registered
[    1.111324] io scheduler deadline registered (default)
[    1.113135] io scheduler cfq registered
[    1.114803] pci_hotplug: PCI Hot Plug PCI Core version: 0.5
[    1.116888] pciehp: PCI Express Hot Plug Controller Driver version: 0.4
[    1.119494] ACPI: AC Adapter [AC] (on-line)
[    1.121159] input: Power Button as /devices/LNXSYSTM:00/LNXPWRBN:00/input/input0
[    1.124114] ACPI: Power Button [PWRF]
[    1.125876] input: Sleep Button as /devices/LNXSYSTM:00/LNXSLPBN:00/input/input1
[    1.128978] ACPI: Sleep Button [SLPF]
[    1.132582] ACPI: Battery Slot [BAT0] (battery present)
[    1.134030] GHES: HEST is not enabled!
[    1.135507] Serial: 8250/16550 driver, 32 ports, IRQ sharing enabled
[    1.158674] 00:02: ttyS0 at I/O 0x3f8 (irq = 4, base_baud = 115200) is a 16550A
[    1.163034] Linux agpgart interface v0.103
[    1.168921] loop: module loaded
[    1.171639] scsi host0: ata_piix
[    1.173262] scsi host1: ata_piix
[    1.174750] ata1: PATA max UDMA/33 cmd 0x1f0 ctl 0x3f6 bmdma 0xd000 irq 14
[    1.176275] ata2: PATA max UDMA/33 cmd 0x170 ctl 0x376 bmdma 0xd008 irq 15
[    1.178855] libphy: Fixed MDIO Bus: probed
[    1.180379] tun: Universal TUN/TAP device driver, 1.6
[    1.182365] tun: (C) 1999-2004 Max Krasnyansky <maxk@qualcomm.com>
[    1.184693] PPP generic driver version 2.4.2
[    1.185869] ehci_hcd: USB 2.0 'Enhanced' Host Controller (EHCI) Driver
[    1.188413] ehci-pci: EHCI PCI platform driver
[    1.189931] ehci-platform: EHCI generic platform driver
[    1.191598] ohci_hcd: USB 1.1 'Open' Host Controller (OHCI) Driver
[    1.194138] ohci-pci: OHCI PCI platform driver
[    1.195608] ohci-platform: OHCI generic platform driver
[    1.197854] uhci_hcd: USB Universal Host Controller Interface driver
[    1.200023] i8042: PNP: PS/2 Controller [PNP0303:PS2K,PNP0f03:PS2M] at 0x60,0x64 irq 1,12
[    1.203805] serio: i8042 KBD port at 0x60,0x64 irq 1
[    1.205658] serio: i8042 AUX port at 0x60,0x64 irq 12
[    1.207724] mousedev: PS/2 mouse device common for all mice
[    1.211167] input: AT Translated Set 2 keyboard as /devices/platform/i8042/serio0/input/input2
[    1.214437] rtc_cmos rtc_cmos: rtc core: registered rtc_cmos as rtc0
[    1.216742] rtc_cmos rtc_cmos: alarms up to one day, 114 bytes nvram
[    1.219030] i2c /dev entries driver
[    1.220484] device-mapper: uevent: version 1.0.3
[    1.222675] device-mapper: ioctl: 4.34.0-ioctl (2015-10-28) initialised: dm-devel@redhat.com
[    1.226892] ledtrig-cpu: registered to indicate activity on CPUs
[    1.229921] NET: Registered protocol family 10
[    1.231868] NET: Registered protocol family 17
[    1.233550] Key type dns_resolver registered
[    1.235606] registered taskstats version 1
[    1.237128] Loading compiled-in X.509 certificates
[    1.239727] Loaded X.509 cert 'Build time autogenerated kernel key: 0ed82eac04367aa6426493b1389455ebf6830eaa'
[    1.243027] zswap: loaded using pool lzo/zbud
[    1.247010] Key type trusted registered
[    1.252292] Key type encrypted registered
[    1.253739] AppArmor: AppArmor sha1 policy hashing enabled
[    1.255694] ima: No TPM chip found, activating TPM-bypass!
[    1.257551] ima: Allocated hash algorithm: sha1
[    1.259192] evm: HMAC attrs: 0x1
[    1.260534]   Magic number: 7:806:133
[    1.261831] rtc_cmos rtc_cmos: setting system clock to 2019-10-15 15:07:44 UTC (1571152064)
[    1.264083] BIOS EDD facility v0.16 2004-Jun-25, 0 devices found
[    1.265470] EDD information not available.
[    1.335678] Freeing unused kernel memory: 1484K
[    1.337226] Write protecting the kernel read-only data: 14336k
[    1.339890] Freeing unused kernel memory: 1608K
[    1.342077] Freeing unused kernel memory: 64K
Loading, please wait...
starting version 229
[    1.363341] random: systemd-udevd: uninitialized urandom read (16 bytes read, 3 bits of entropy available)
[    1.364440] random: udevadm: uninitialized urandom read (16 bytes read, 3 bits of entropy available)
[    1.364476] random: udevadm: uninitialized urandom read (16 bytes read, 3 bits of entropy available)
[    1.373918] random: systemd-udevd: uninitialized urandom read (16 bytes read, 3 bits of entropy available)
[    1.375724] random: udevadm: uninitialized urandom read (16 bytes read, 3 bits of entropy available)
[    1.375767] random: udevadm: uninitialized urandom read (16 bytes read, 3 bits of entropy available)
[    1.375910] random: udevadm: uninitialized urandom read (16 bytes read, 3 bits of entropy available)
[    1.375962] random: udevadm: uninitialized urandom read (16 bytes read, 3 bits of entropy available)
[    1.376036] random: udevadm: uninitialized urandom read (16 bytes read, 3 bits of entropy available)
[    1.376092] random: udevadm: uninitialized urandom read (16 bytes read, 3 bits of entropy available)
[    1.434346] e1000: Intel(R) PRO/1000 Network Driver - version 7.3.21-k8-NAPI
[    1.435992] e1000: Copyright (c) 1999-2006 Intel Corporation.
[    1.439820] Fusion MPT base driver 3.04.20
[    1.444703] Copyright (c) 1999-2008 LSI Corporation
[    1.465174] AVX2 version of gcm_enc/dec engaged.
[    1.466442] AES CTR mode by8 optimization enabled
[    1.470439] Fusion MPT SPI Host driver 3.04.20
[    1.657881] input: ImExPS/2 Generic Explorer Mouse as /devices/platform/i8042/serio1/input/input4
[    1.851014] e1000 0000:00:03.0 eth0: (PCI:33MHz:32-bit) 02:0e:9b:2d:5b:92
[    1.852873] e1000 0000:00:03.0 eth0: Intel(R) PRO/1000 Network Connection
[    2.312487] e1000 0000:00:08.0 eth1: (PCI:33MHz:32-bit) 08:00:27:54:80:b6
[    2.314744] e1000 0000:00:08.0 eth1: Intel(R) PRO/1000 Network Connection
[    2.318445] mptbase: ioc0: Initiating bringup
[    2.319430] e1000 0000:00:08.0 enp0s8: renamed from eth1
[    2.338020] e1000 0000:00:03.0 enp0s3: renamed from eth0
[    2.398480] ioc0: LSI53C1030 A0: Capabilities={Initiator}
[    2.561305] scsi host2: ioc0: LSI53C1030 A0, FwRev=00000000h, Ports=1, MaxQ=256, IRQ=20
[    2.675452] scsi 2:0:0:0: Direct-Access     VBOX     HARDDISK         1.0  PQ: 0 ANSI: 5
[    2.678459] scsi target2:0:0: Beginning Domain Validation
[    2.683098] scsi target2:0:0: Domain Validation skipping write tests
[    2.685100] scsi target2:0:0: Ending Domain Validation
[    2.687038] scsi target2:0:0: asynchronous
[    2.689732] scsi 2:0:1:0: Direct-Access     VBOX     HARDDISK         1.0  PQ: 0 ANSI: 5
[    2.692950] scsi target2:0:1: Beginning Domain Validation
[    2.712871] scsi target2:0:1: Domain Validation skipping write tests
[    2.714766] scsi target2:0:1: Ending Domain Validation
[    2.716428] scsi target2:0:1: asynchronous
[    2.726373] sd 2:0:0:0: Attached scsi generic sg0 type 0
[    2.728076] sd 2:0:0:0: [sda] 20971520 512-byte logical blocks: (10.7 GB/10.0 GiB)
[    2.730316] sd 2:0:1:0: Attached scsi generic sg1 type 0
[    2.731746] sd 2:0:1:0: [sdb] 20480 512-byte logical blocks: (10.5 MB/10.0 MiB)
[    2.733856] sd 2:0:0:0: [sda] Write Protect is off
[    2.734085] sd 2:0:1:0: [sdb] Write Protect is off
[    2.734280] sd 2:0:1:0: [sdb] Incomplete mode parameter data
[    2.734282] sd 2:0:1:0: [sdb] Assuming drive cache: write through
[    2.740150] sd 2:0:0:0: [sda] Incomplete mode parameter data
[    2.741816] sd 2:0:0:0: [sda] Assuming drive cache: write through
[    2.745491]  sda: sda1
[    2.745543] sd 2:0:1:0: [sdb] Attached SCSI disk
[    2.749236] sd 2:0:0:0: [sda] Attached SCSI disk
Begin: Loading essential drivers ... [    4.302349] md: linear personality registered for level -1
[    4.306705] md: multipath personality registered for level -4
[    4.310939] md: raid0 personality registered for level 0
[    4.316035] md: raid1 personality registered for level 1
[    4.386016] raid6: sse2x1   gen()  9803 MB/s
[    4.454340] raid6: sse2x1   xor()  7270 MB/s
[    4.521738] raid6: sse2x2   gen() 12008 MB/s
[    4.589992] raid6: sse2x2   xor()  6631 MB/s
[    4.658464] raid6: sse2x4   gen()  8031 MB/s
[    4.725730] raid6: sse2x4   xor()  5564 MB/s
[    4.793986] raid6: avx2x1   gen() 11748 MB/s
[    4.861826] raid6: avx2x2   gen() 20269 MB/s
[    4.929682] raid6: avx2x4   gen() 18830 MB/s
[    4.931409] raid6: using algorithm avx2x2 gen() 20269 MB/s
[    4.933156] raid6: using avx2x2 recovery algorithm
[    4.936586] xor: automatically using best checksumming function:
[    4.978014]    avx       : 22917.000 MB/sec
[    4.980336] async_tx: api initialized (async)
[    4.992813] md: raid6 personality registered for level 6
[    4.994363] md: raid5 personality registered for level 5
[    4.995698] md: raid4 personality registered for level 4
[    5.004783] md: raid10 personality registered for level 10
done.
Begin: Running /scripts/init-premount ... done.
Begin: Mounting root file system ... Begin: Running /scripts/local-top ... done.
Begin: Running /scripts/local-premount ... [    5.038843] Btrfs loaded
Scanning for Btrfs filesystems
done.
Warning: fsck not present, so skipping root file system
[    5.078965] EXT4-fs (sda1): mounted filesystem with ordered data mode. Opts: (null)
done.
Begin: Running /scripts/local-bottom ... done.
Begin: Running /scripts/init-bottom ... done.
[    5.199682] systemd[1]: systemd 229 running in system mode. (+PAM +AUDIT +SELINUX +IMA +APPARMOR +SMACK +SYSVINIT +UTMP +LIBCRYPTSETUP +GCRYPT +GNUTLS +ACL +XZ -LZ4 +SECCOMP +BLKID +ELFUTILS +KMOD -IDN)
[    5.204379] systemd[1]: Detected virtualization oracle.
[    5.205681] systemd[1]: Detected architecture x86-64.

Welcome to [1mUbuntu 16.04.6 LTS[0m!

[    5.211119] systemd[1]: Set hostname to <ubuntu-xenial>.
[    5.503124] systemd[1]: Listening on LVM2 poll daemon socket.
[[0;32m  OK  [0m] Listening on LVM2 poll daemon socket.
[    5.505978] systemd[1]: Listening on /dev/initctl Compatibility Named Pipe.
[[0;32m  OK  [0m] Listening on /dev/initctl Compatibility Named Pipe.
[    5.509295] systemd[1]: Listening on Journal Socket.
[[0;32m  OK  [0m] Listening on Journal Socket.
[    5.511597] systemd[1]: Listening on LVM2 metadata daemon socket.
[[0;32m  OK  [0m] Listening on LVM2 metadata daemon socket.
[    5.514338] systemd[1]: Set up automount Arbitrary Executable File Formats File System Automount Point.
[[0;32m  OK  [0m] Set up automount Arbitrary Executab...ats File System Automount Point.
[    5.518178] systemd[1]: Reached target Swap.
[[0;32m  OK  [0m] Reached target Swap.
[    5.520449] systemd[1]: Listening on Journal Audit Socket.
[[0;32m  OK  [0m] Listening on Journal Audit Socket.
[    5.523115] systemd[1]: Listening on Device-mapper event daemon FIFOs.
[[0;32m  OK  [0m] Listening on Device-mapper event daemon FIFOs.
[    5.525928] systemd[1]: Started Forward Password Requests to Wall Directory Watch.
[[0;32m  OK  [0m] Started Forward Password Requests to Wall Directory Watch.
[    5.529383] systemd[1]: Listening on udev Kernel Socket.
[[0;32m  OK  [0m] Listening on udev Kernel Socket.
[    5.531746] systemd[1]: Reached target User and Group Name Lookups.
[[0;32m  OK  [0m] Reached target User and Group Name Lookups.
[    5.534425] systemd[1]: Reached target Encrypted Volumes.
[[0;32m  OK  [0m] Reached target Encrypted Volumes.
[    5.537145] systemd[1]: Created slice System Slice.
[[0;32m  OK  [0m] Created slice System Slice.
[    5.550627] systemd[1]: Starting Monitoring of LVM2 mirrors, snapshots etc. using dmeventd or progress polling...
         Starting Monitoring of LVM2 mirrors... dmeventd or progress polling...
[    5.556372] systemd[1]: Starting Set console keymap...
         Starting Set console keymap...
[    5.560920] systemd[1]: Mounting POSIX Message Queue File System...
         Mounting POSIX Message Queue File System...
[    5.573419] systemd[1]: Starting Load Kernel Modules...
         Starting Load Kernel Modules...
[    5.580551] systemd[1]: Mounting Huge Pages File System...
         Mounting Huge Pages File System...
[    5.592039] systemd[1]: Mounting Debug File System...
         Mounting Debug File System...
[    5.598772] systemd[1]: Starting Create list of required static device nodes for the current kernel...
[    5.603043] Loading iSCSI transport class v2.0-870.
         Starting Create list of required st... nodes for the current kernel...
[    5.609627] systemd[1]: Starting Nameserver information manager...
         Starting Nameserver information manager...
[    5.620135] systemd[1]: Created slice system-serial\x2dgetty.slice.
[[0;32m  OK  [0m] Created slice system-serial\x2dgetty.slice.
[    5.630982] systemd[1]: Reached target System Time Synchronized.
[[0;32m  OK  [0m] Reached target System Time Synchronized.
[    5.634118] systemd[1]: Created slice User and Session Slice.
[[0;32m  OK  [0m] Created slice User and Session Slice.
[    5.636956] systemd[1]: Reached target Slices.
[[0;32m  OK  [0m] Reached target Slices.
[    5.641647] systemd[1]: Listening on Syslog Socket.
[[0;32m  OK  [0m] Listening on Syslog Socket.
[    5.646532] systemd[1]: Started Trigger resolvconf update for networkd DNS.
[[0;32m  OK  [0m] Started Trigger resolvconf update for networkd DNS.
[    5.651145] systemd[1]: Listening on udev Control Socket.
[[0;32m  OK  [0m[    5.654142] iscsi: registered transport (tcp)
] Listening on udev Control Socket.
[    5.673963] systemd[1]: Starting Uncomplicated firewall...
         Starting Uncomplicated firewall...
[    5.678356] systemd[1]: Starting Remount Root and Kernel File Systems...
         Starting Remount Root and Kernel File Systems...
[    5.684383] systemd[1]: Listening on Journal Socket (/dev/log).
[    5.686191] EXT4-fs (sda1): re-mounted. Opts: (null)
[[0;32m  OK  [0m] Listening on Journal Socket (/dev/log).
[    5.690567] systemd[1]: Starting Journal Service...
         Starting Journal Service...
[    5.697814] systemd[1]: Mounted POSIX Message Queue File System.
[[0;32m  OK  [0m] Mounted POSIX Message Queue File System.
[    5.700713] systemd[1]: Mounted Debug File System.
[[0;32m  OK  [0m] Mounted Debug File System.
[    5.703480] systemd[1]: Mounted Huge Pages File System.
[[0;32m  OK  [0m] Mounted Huge Pages File System.
[    5.707522] systemd[1]: Started Set console keymap.
[[0;32m  OK  [0m] Started Set console keymap.
[    5.712112] systemd[1]: Started Create list of required static device nodes for the current kernel.
[[0;32m  OK  [0m] Started Create list of required sta...ce nodes for the current kernel.
[    5.723006] iscsi: registered transport (iser)
[    5.730643] systemd[1]: Started Load Kernel Modules.
[[0;32m  OK  [0m] Started Load Kernel Modules.
[    5.733543] systemd[1]: Started Uncomplicated firewall.
[[0;32m  OK  [0m] Started Uncomplicated firewall.
[    5.747445] systemd[1]: Started Remount Root and Kernel File Systems.
[[0;32m  OK  [0m] Started Remount Root and Kernel File Systems.
[    5.752204] systemd[1]: Started Nameserver information manager.
[[0;32m  OK  [0m] Started Nameserver information manager.
[    5.759515] systemd[1]: Started Journal Service.
[[0;32m  OK  [0m] Started Journal Service.
[[0;32m  OK  [0m] Started LVM2 metadata daemon.
[    5.856239] random: nonblocking pool is initialized
         Starting Flush Journal to Persistent Storage...
         Starting udev Coldplug all Devices...
         Starting Load/Save Random Seed...
         Starting Apply Kernel Variables...
         Mounting FUSE Control File System...
         Starting Create Static Device Nodes in /dev...
[[0;32m  OK  [0m] Mounted FUSE Control File System.
[[0;32m  OK  [0m] Started Load/Save Random Seed.
[[0;32m  OK  [0m] Started Apply Kernel Variables.
[[0;32m  OK  [0m] Started Create Static Device Nodes in /dev.
[[0;32m  OK  [0m] Started Flush Journal to Persistent Storage.
[[0;32m  OK  [0m] Started udev Coldplug all Devices.
         Starting udev Kernel Device Manager...
[[0;32m  OK  [0m] Started udev Kernel Device Manager.
[[0;32m  OK  [0m] Started Dispatch Password Requests to Console Directory Watch.
[[0;32m  OK  [0m] Started Monitoring of LVM2 mirrors,...ng dmeventd or progress polling.
[[0;32m  OK  [0m] Reached target Local File Systems (Pre).
[[0;32m  OK  [0m] Reached target Local File Systems.
         Starting Set console font and keymap...
         Starting LSB: AppArmor initialization...
         Starting Initial cloud-init job (pre-networking)...
         Starting Create Volatile Files and Directories...
         Starting Tell Plymouth To Write Out Runtime Data...
[[0;32m  OK  [0m] Started Tell Plymouth To Write Out Runtime Data.
[[0;32m  OK  [0m] Started Create Volatile Files and Directories.
         Starting Update UTMP about System Boot/Shutdown...
[[0;32m  OK  [0m] Started Update UTMP about System Boot/Shutdown.
[[0;32m  OK  [0m] Found device /dev/ttyS0.
[[0;32m  OK  [0m] Started LSB: AppArmor initialization.
[[0;32m  OK  [0m] Listening on Load/Save RF Kill Switch Status /dev/rfkill Watch.
[[0;32m  OK  [0m] Found device 82540EM Gigabit Ethern...r (PRO/1000 MT Desktop Adapter).
[[0;32m  OK  [0m] Found device 82540EM Gigabit Ethern...r (PRO/1000 MT Desktop Adapter).
[    7.483646] cloud-init[500]: Cloud-init v. 19.2-36-g059d049c-0ubuntu2~16.04.1 running 'init-local' at Tue, 15 Oct 2019 15:07:50 +0000. Up 6.96 seconds.
[[0;32m  OK  [0m] Started Set console font and keymap.
[[0;32m  OK  [0m] Created slice system-getty.slice.
[[0;32m  OK  [0m] Started Initial cloud-init job (pre-networking).
[[0;32m  OK  [0m] Reached target Network (Pre).
         Starting Raise network interfaces...
[[0;32m  OK  [0m] Started ifup for enp0s3.
[[0;32m  OK  [0m] Started ifup for enp0s8.
[[0;32m  OK  [0m] Started Raise network interfaces.
[[0;32m  OK  [0m] Reached target Network.
         Starting Initial cloud-init job (metadata service crawler)...
[    8.776291] cloud-init[1083]: Cloud-init v. 19.2-36-g059d049c-0ubuntu2~16.04.1 running 'init' at Tue, 15 Oct 2019 15:07:52 +0000. Up 8.37 seconds.
[    8.779476] cloud-init[1083]: ci-info: ++++++++++++++++++++++++++++++++++++++Net device info+++++++++++++++++++++++++++++++++++++++
[    8.792413] cloud-init[1083]: ci-info: +--------+------+-----------------------------+---------------+--------+-------------------+
[    8.804460] cloud-init[1083]: ci-info: | Device |  Up  |           Address           |      Mask     | Scope  |     Hw-Address    |
[    8.806473] cloud-init[1083]: ci-info: +--------+------+-----------------------------+---------------+--------+-------------------+
[    8.816780] cloud-init[1083]: ci-info: | enp0s3 | True |          10.0.2.15          | 255.255.255.0 | global | 02:0e:9b:2d:5b:92 |
[    8.818683] cloud-init[1083]: ci-info: | enp0s3 | True |  fe80::e:9bff:fe2d:5b92/64  |       .       |  link  | 02:0e:9b:2d:5b:92 |
[    8.820791] cloud-init[1083]: ci-info: | enp0s8 | True |        192.168.10.150       | 255.255.255.0 | global | 08:00:27:54:80:b6 |
[    8.822874] cloud-init[1083]: ci-info: | enp0s8 | True | fe80::a00:27ff:fe54:80b6/64 |       .       |  link  | 08:00:27:54:80:b6 |
[    8.824937] cloud-init[1083]: ci-info: |   lo   | True |          127.0.0.1          |   255.0.0.0   |  host  |         .         |
[    8.827015] cloud-init[1083]: ci-info: |   lo   | True |           ::1/128           |       .       |  host  |         .         |
[    8.832046] cloud-init[1083]: ci-info: +--------+------+-----------------------------+---------------+--------+-------------------+
[    8.835251] cloud-init[1083]: ci-info: ++++++++++++++++++++++++++++Route IPv4 info++++++++++++++++++++++++++++
[[0;32m  OK  [0m] Started Initial cloud-init job (metadata service crawler).
[[0;32m  OK  [0m] Reached target Cloud-config availability.
[[0;32m  OK  [0m] Reached target Network is Online.
[    8.838637] cloud-init[1083]: ci-info: +-------+--------------+----------+---------------+-----------+-------+
[    8.849209] cloud-init[1083]: ci-info: | Route | Destination  | Gateway  |    Genmask    | Interface | Flags |
[    8.857042] cloud-init[1083]: ci-info: +-------+--------------+----------+---------------+-----------+-------+
[    8.859632] cloud-init[1083]: ci-info: |   0   |   0.0.0.0    | 10.0.2.2 |    0.0.0.0    |   enp0s3  |   UG  |
[    8.862440]          Starting iSCSI initiator daemon (iscsid)...
[[0;32m  OK  [0m] Reached target System Initialization.
cloud-init[1083]: ci-info: |   1   |   10.0.2.0   | 0.0.0.0  | 255.255.255.0 |   enp0s3  |   U   |
[    8.872638] [[0;32m  OK  [0m] Started Daily apt download activities.
[[0;32m  OK  [0m] Listening on ACPID Listen Socket.
cloud-init[1083]: ci-info: |   2   | 192.168.10.0 | 0.0.0.0  | 255.255.255.0 |   enp0s8  |   U   |
[    8.876525] [[0;32m  OK  [0m] Started Daily apt upgrade and clean activities.
         Starting Socket activation for snappy daemon.
cloud-init[1083]: ci-info: +-------+--------------+----------+---------------+-----------+-------+
[    8.880653] [[0;32m  OK  [0m] Started ACPI Events Check.
[[0;32m  OK  [0m] Reached target Paths.
cloud-init[1083]: ci-info: +++++++++++++++++++Route IPv6 info+++++++++++++++++++         Starting LXD - unix socket.
[[0;32m  OK  [0m] Listening on UUID daemon activation socket.

[    8.888288] cloud-init[1083]: ci-info: +-------+-------------+---------+-----------+-------+
[    8.888642] cloud-init[1083]: ci-info: | Route | Destination | Gateway | Interface | Flags |
[    8.889350] cloud-init[1083]: ci-info: +-------+-------------+---------+-----------+-------+
[    8.890689] cloud-init[1083]: ci-info: |   0   |  fe80::/64  |    ::   |   enp0s8  |   U   |
[    8.891632] cloud-init[1083]: ci-info: |   1   |  fe80::/64  |    ::   |   enp0s3  |   U   |
[    8.892360] cloud-init[1083]: ci-info: |   4   |   ff00::/8  |    ::   |   enp0s8  |   U   |
[    8.892917] cloud-init[1083]: ci-info: |   5   |   ff00::/8  |    ::   |   enp0s3  |   U   |
[    8.893299] cloud-init[1083]: ci-info: +-------+-------------+---------+-----------+-------+
[[0;32m  OK  [0m] Started Daily Cleanup of Temporary Directories.
[[0;32m  OK  [0m] Listening on D-Bus System Message Bus Socket.
[[0;32m  OK  [0m] Started Message of the Day.
[[0;32m  OK  [0m] Reached target Timers.
[[0;32m  OK  [0m] Listening on Socket activation for snappy daemon.
[[0;32m  OK  [0m] Listening on LXD - unix socket.
[[0;32m  OK  [0m] Started iSCSI initiator daemon (iscsid).
         Starting Login to default iSCSI targets...
[[0;32m  OK  [0m] Reached target Sockets.
[[0;32m  OK  [0m] Reached target Basic System.
[[0;32m  OK  [0m] Started Deferred execution scheduler.
         Starting /etc/rc.local Compatibility...
[[0;32m  OK  [0m] Started D-Bus System Message Bus.
         Starting System Logging Service...
         Starting LXD - container startup/shutdown...
         Starting Accounts Service...
[[0;32m  OK  [0m] Started ACPI event daemon.
[[0;32m  OK  [0m] Started FUSE filesystem for LXC.
[[0;32m  OK  [0m] Started Regular background program processing daemon.
         Starting LSB: MD monitoring daemon...
         Starting LSB: Record successful boot for GRUB...
         Starting OpenBSD Secure Shell server...
         Starting Virtualbox guest utils...
         Starting Login Service...
         Starting Snappy daemon...
[[0;32m  OK  [0m] Started /etc/rc.local Compatibility.
[[0;32m  OK  [0m] Started System Logging Service.
[[0;32m  OK  [0m] Started Login to default iSCSI targets.
[[0;32m  OK  [0m] Started OpenBSD Secure Shell server.
[[0;32m  OK  [0m] Started LSB: MD monitoring daemon.
[[0;32m  OK  [0m] Started Login Service.
[[0;32m  OK  [0m] Started Unattended Upgrades Shutdown.
         Starting Authenticate and Authorize Users to Run Privileged Tasks...
[[0;32m  OK  [0m] Reached target Remote File Systems (Pre).
[[0;32m  OK  [0m] Reached target Remote File Systems.
         Starting LSB: daemon to balance interrupts for SMP systems...
         Starting LSB: automatic crash report generation...
         Starting LSB: Set the CPU Frequency Scaling governor to "ondemand"...
         Starting Permit User Sessions...
[[0;32m  OK  [0m] Started LSB: Record successful boot for GRUB.
[[0;32m  OK  [0m] Started Permit User Sessions.
[[0;32m  OK  [0m] Started LXD - container startup/shutdown.
[[0;32m  OK  [0m] Started LSB: Set the CPU Frequency Scaling governor to "ondemand".
         Starting Hold until boot process finishes up...
         Starting Terminate Plymouth Boot Screen...
[[0;32m  OK  [0m] Started LSB: automatic crash report generation.
[[0;32m  OK  [0m] Started Hold until boot process finishes up.
[[0;32m  OK  [0m] Started Terminate Plymouth Boot Screen.
[[0;32m  OK  [0m] Started LSB: daemon to balance interrupts for SMP systems.
[[0;32m  OK  [0m] Started Authenticate and Authorize Users to Run Privileged Tasks.
[[0;32m  OK  [0m] Started Accounts Service.
[[0;32m  OK  [0m] Started Getty on tty1.
[[0;32m  OK  [0m] Started Serial Getty on ttyS0.
[[0;32m  OK  [0m] Reached target Login Prompts.
         Starting Set console scheme...
[[0;32m  OK  [0m] Started Virtualbox guest utils.
[[0;32m  OK  [0m] Started Set console scheme.
[[0;32m  OK  [0m] Started Snappy daemon.
         Starting Wait until snapd is fully seeded...
[[0;32m  OK  [0m] Started Wait until snapd is fully seeded.
[[0;32m  OK  [0m] Reached target Multi-User System.
[[0;32m  OK  [0m] Reached target Graphical Interface.
         Starting Update UTMP about System Runlevel Changes...
         Starting Apply the settings specified in cloud-config...
[[0;32m  OK  [0m] Started Update UTMP about System Runlevel Changes.
[   10.338471] cloud-init[1342]: Cloud-init v. 19.2-36-g059d049c-0ubuntu2~16.04.1 running 'modules:config' at Tue, 15 Oct 2019 15:07:53 +0000. Up 10.18 seconds.
[[0;32m  OK  [0m] Started Apply the settings specified in cloud-config.
         Starting Execute cloud user/final scripts...
[   11.038187] cloud-init[1354]: Cloud-init v. 19.2-36-g059d049c-0ubuntu2~16.04.1 running 'modules:final' at Tue, 15 Oct 2019 15:07:54 +0000. Up 10.85 seconds.
[   11.040089] cloud-init[1354]: Cloud-init v. 19.2-36-g059d049c-0ubuntu2~16.04.1 finished at Tue, 15 Oct 2019 15:07:54 +0000. Datasource DataSourceNoCloud [seed=/dev/sdb][dsmode=net].  Up 11.02 seconds
[[0;32m  OK  [0m] Started Execute cloud user/final scripts.
[[0;32m  OK  [0m] Reached target Cloud-init target.

Ubuntu 16.04.6 LTS ubuntu-xenial ttyS0

ubuntu-xenial login: 